<?xml version="1.0" encoding="UTF-8"?>
<!-- Generated by org.testng.reporters.JUnitReportReporter -->
<testsuite hostname="DESKTOP-63LF20B" failures="0" tests="1" name="com.hepsiburada.qa.testcases.LoginPageTest" time="2.508" errors="0" timestamp="2019-12-26T22:18:42 EET" skipped="0">
  <testcase classname="com.hepsiburada.qa.testcases.LoginPageTest" name="loginTest" time="2.508"/>
</testsuite> <!-- com.hepsiburada.qa.testcases.LoginPageTest -->
