<?xml version="1.0" encoding="UTF-8"?>
<!-- Generated by org.testng.reporters.JUnitReportReporter -->
<testsuite hostname="DESKTOP-63LF20B" failures="0" tests="2" name="com.hepsiburada.qa.testcases.ProductPageTest" time="3.252" errors="0" timestamp="2019-12-26T22:21:29 EET" skipped="0">
  <testcase classname="com.hepsiburada.qa.testcases.ProductPageTest" name="addToCart" time="2.425"/>
  <testcase classname="com.hepsiburada.qa.testcases.ProductPageTest" name="clickOnShoppingCart" time="0.827"/>
</testsuite> <!-- com.hepsiburada.qa.testcases.ProductPageTest -->
